Terminals unused in grammar

   CALLSYM
   CASESYM
   EXITSYM
   REPEATSYM
   SWITCHSYM
   UNTILSYM
   YARIMASUNESYM
   KIBONOHANASYM


Rules useless in parser due to conflicts

   13 $@6: %empty

   33 statement_list: %empty

   45 statement: %empty


State 5 conflicts: 27 shift/reduce, 28 reduce/reduce
State 20 conflicts: 27 shift/reduce, 28 reduce/reduce
State 33 conflicts: 6 shift/reduce
State 36 conflicts: 27 shift/reduce, 28 reduce/reduce
State 56 conflicts: 1 reduce/reduce
State 64 conflicts: 28 shift/reduce, 28 reduce/reduce


Grammar

    0 $accept: program $end

    1 $@1: %empty

    2 $@2: %empty

    3 program: MAINSYM $@1 LBRACE statement_list $@2 RBRACE

    4 declaration_list: declaration_list declaration_stat
    5                 | declaration_stat
    6                 | %empty

    7 declaration_stat: typeenum identlist SEMICOLON

    8 $@3: %empty

    9 declaration_stat: typeenum identarraylist $@3 SEMICOLON

   10 $@4: %empty

   11 $@5: %empty

   12 declaration_stat: CONSTSYM typeenum $@4 identlist $@5 SEMICOLON

   13 $@6: %empty

   14 $@7: %empty

   15 declaration_stat: CONSTSYM typeenum $@6 identarraylist $@7 SEMICOLON

   16 identlist: identdef
   17          | identlist COMMA identdef

   18 identdef: IDENT
   19         | IDENT BECOMES factor

   20 typeenum: INTSYM
   21         | STRINGSYM
   22         | BOOLSYM
   23         | REALSYM
   24         | CHARSYM

   25 identarraylist: identarraydef
   26               | identarraylist COMMA identarraydef

   27 identarraydef: IDENT LBRACKET dimensionlist RBRACKET

   28 dimensionlist: dimension
   29              | dimensionlist COMMA dimension

   30 dimension: INTEGER

   31 statement_list: statement_list statement
   32               | statement
   33               | %empty

   34 statement: expression_statement
   35          | if_statement
   36          | while_statement
   37          | read_statement
   38          | write_statement
   39          | compound_statement
   40          | for_statement
   41          | do_statement
   42          | declaration_list
   43          | continue_stat
   44          | break_stat
   45          | %empty

   46 continue_stat: CONTINUESYM SEMICOLON

   47 break_stat: BREAKSYM SEMICOLON

   48 if_statement: IFSYM LPAREN expression RPAREN compound_statement
   49             | IFSYM LPAREN expression RPAREN compound_statement ELSESYM compound_statement

   50 while_statement: WHILESYM LPAREN expression RPAREN compound_statement

   51 write_statement: WRITESYM LPAREN expression RPAREN SEMICOLON

   52 read_statement: READSYM LPAREN var RPAREN SEMICOLON

   53 compound_statement: LBRACE statement_list RBRACE

   54 for_statement: FORSYM LPAREN expression SEMICOLON expression SEMICOLON expression RPAREN compound_statement

   55 do_statement: DOSYM compound_statement WHILESYM LPAREN expression RPAREN SEMICOLON

   56 var: IDENT
   57    | IDENT LBRACKET expression_list RBRACKET

   58 expression_list: expression
   59                | expression_list COMMA expression

   60 expression_statement: expression SEMICOLON
   61                     | SEMICOLON

   62 $@8: %empty

   63 expression: var $@8 BECOMES expression
   64           | simple_expr

   65 simple_expr: additive_expr
   66            | additive_expr OPR additive_expr
   67            | additive_expr SINGLEOPR
   68            | SINGLEOPR additive_expr

   69 SINGLEOPR: INCPLUS
   70          | INCMINUS
   71          | NOT

   72 OPR: EQL
   73    | NEQ
   74    | LSS
   75    | LEQ
   76    | GTR
   77    | GEQ
   78    | AND
   79    | OR
   80    | XOR

   81 additive_expr: term
   82              | additive_expr PLUSMINUS term

   83 PLUSMINUS: PLUS
   84          | MINUS

   85 term: factor
   86     | term TIMESDEVIDE factor

   87 TIMESDEVIDE: TIMES
   88            | DEVIDE
   89            | MOD

   90 factor: LPAREN expression RPAREN
   91       | var
   92       | INTEGER
   93       | REAL
   94       | STRING
   95       | BOOL
   96       | CHAR
   97       | YAJU


Terminals, with rules where they appear

$end (0) 0
error (256)
BOOLSYM (258) 22
BREAKSYM (259) 47
CALLSYM (260)
CASESYM (261)
CHARSYM (262) 24
CONSTSYM (263) 12 15
CONTINUESYM (264) 46
DOSYM (265) 55
ELSESYM (266) 49
EXITSYM (267)
FORSYM (268) 54
INTSYM (269) 20
IFSYM (270) 48 49
MAINSYM (271) 3
READSYM (272) 52
REALSYM (273) 23
REPEATSYM (274)
STRINGSYM (275) 21
SWITCHSYM (276)
UNTILSYM (277)
WHILESYM (278) 50 55
WRITESYM (279) 51
LBRACE (280) 3 53
RBRACE (281) 3 53
LBRACKET (282) 27 57
RBRACKET (283) 27 57
BECOMES (284) 19 63
COMMA (285) 17 26 29 59
LSS (286) 74
LEQ (287) 75
GTR (288) 76
GEQ (289) 77
EQL (290) 72
NEQ (291) 73
PLUS (292) 83
INCPLUS (293) 69
MINUS (294) 84
INCMINUS (295) 70
TIMES (296) 87
DEVIDE (297) 88
LPAREN (298) 48 49 50 51 52 54 55 90
RPAREN (299) 48 49 50 51 52 54 55 90
MOD (300) 89
SEMICOLON (301) 7 9 12 15 46 47 51 52 54 55 60 61
XOR (302) 80
AND (303) 78
OR (304) 79
NOT (305) 71
YAJU (306) 97
YARIMASUNESYM (307)
KIBONOHANASYM (308)
IDENT (309) 18 19 27 56 57
INTEGER (310) 30 92
STRING (311) 94
CHAR (312) 96
BOOL (313) 95
REAL (314) 93


Nonterminals, with rules where they appear

$accept (60)
    on left: 0
program (61)
    on left: 3, on right: 0
$@1 (62)
    on left: 1, on right: 3
$@2 (63)
    on left: 2, on right: 3
declaration_list (64)
    on left: 4 5 6, on right: 4 42
declaration_stat (65)
    on left: 7 9 12 15, on right: 4 5
$@3 (66)
    on left: 8, on right: 9
$@4 (67)
    on left: 10, on right: 12
$@5 (68)
    on left: 11, on right: 12
$@6 (69)
    on left: 13, on right: 15
$@7 (70)
    on left: 14, on right: 15
identlist (71)
    on left: 16 17, on right: 7 12 17
identdef (72)
    on left: 18 19, on right: 16 17
typeenum (73)
    on left: 20 21 22 23 24, on right: 7 9 12 15
identarraylist (74)
    on left: 25 26, on right: 9 15 26
identarraydef (75)
    on left: 27, on right: 25 26
dimensionlist (76)
    on left: 28 29, on right: 27 29
dimension (77)
    on left: 30, on right: 28 29
statement_list (78)
    on left: 31 32 33, on right: 3 31 53
statement (79)
    on left: 34 35 36 37 38 39 40 41 42 43 44 45, on right: 31 32
continue_stat (80)
    on left: 46, on right: 43
break_stat (81)
    on left: 47, on right: 44
if_statement (82)
    on left: 48 49, on right: 35
while_statement (83)
    on left: 50, on right: 36
write_statement (84)
    on left: 51, on right: 38
read_statement (85)
    on left: 52, on right: 37
compound_statement (86)
    on left: 53, on right: 39 48 49 50 54 55
for_statement (87)
    on left: 54, on right: 40
do_statement (88)
    on left: 55, on right: 41
var (89)
    on left: 56 57, on right: 52 63 91
expression_list (90)
    on left: 58 59, on right: 57 59
expression_statement (91)
    on left: 60 61, on right: 34
expression (92)
    on left: 63 64, on right: 48 49 50 51 54 55 58 59 60 63 90
$@8 (93)
    on left: 62, on right: 63
simple_expr (94)
    on left: 65 66 67 68, on right: 64
SINGLEOPR (95)
    on left: 69 70 71, on right: 67 68
OPR (96)
    on left: 72 73 74 75 76 77 78 79 80, on right: 66
additive_expr (97)
    on left: 81 82, on right: 65 66 67 68 82
PLUSMINUS (98)
    on left: 83 84, on right: 82
term (99)
    on left: 85 86, on right: 81 82 86
TIMESDEVIDE (100)
    on left: 87 88 89, on right: 86
factor (101)
    on left: 90 91 92 93 94 95 96 97, on right: 19 85 86


State 0

    0 $accept: . program $end

    MAINSYM  shift, and go to state 1

    program  go to state 2


State 1

    3 program: MAINSYM . $@1 LBRACE statement_list $@2 RBRACE

    $default  reduce using rule 1 ($@1)

    $@1  go to state 3


State 2

    0 $accept: program . $end

    $end  shift, and go to state 4


State 3

    3 program: MAINSYM $@1 . LBRACE statement_list $@2 RBRACE

    LBRACE  shift, and go to state 5


State 4

    0 $accept: program $end .

    $default  accept


State 5

    3 program: MAINSYM $@1 LBRACE . statement_list $@2 RBRACE

    BOOLSYM      shift, and go to state 6
    BREAKSYM     shift, and go to state 7
    CHARSYM      shift, and go to state 8
    CONSTSYM     shift, and go to state 9
    CONTINUESYM  shift, and go to state 10
    DOSYM        shift, and go to state 11
    FORSYM       shift, and go to state 12
    INTSYM       shift, and go to state 13
    IFSYM        shift, and go to state 14
    READSYM      shift, and go to state 15
    REALSYM      shift, and go to state 16
    STRINGSYM    shift, and go to state 17
    WHILESYM     shift, and go to state 18
    WRITESYM     shift, and go to state 19
    LBRACE       shift, and go to state 20
    INCPLUS      shift, and go to state 21
    INCMINUS     shift, and go to state 22
    LPAREN       shift, and go to state 23
    SEMICOLON    shift, and go to state 24
    NOT          shift, and go to state 25
    YAJU         shift, and go to state 26
    IDENT        shift, and go to state 27
    INTEGER      shift, and go to state 28
    STRING       shift, and go to state 29
    CHAR         shift, and go to state 30
    BOOL         shift, and go to state 31
    REAL         shift, and go to state 32

    BOOLSYM      [reduce using rule 6 (declaration_list)]
    BOOLSYM      [reduce using rule 33 (statement_list)]
    BOOLSYM      [reduce using rule 45 (statement)]
    BREAKSYM     [reduce using rule 6 (declaration_list)]
    BREAKSYM     [reduce using rule 33 (statement_list)]
    BREAKSYM     [reduce using rule 45 (statement)]
    CHARSYM      [reduce using rule 6 (declaration_list)]
    CHARSYM      [reduce using rule 33 (statement_list)]
    CHARSYM      [reduce using rule 45 (statement)]
    CONSTSYM     [reduce using rule 6 (declaration_list)]
    CONSTSYM     [reduce using rule 33 (statement_list)]
    CONSTSYM     [reduce using rule 45 (statement)]
    CONTINUESYM  [reduce using rule 6 (declaration_list)]
    CONTINUESYM  [reduce using rule 33 (statement_list)]
    CONTINUESYM  [reduce using rule 45 (statement)]
    DOSYM        [reduce using rule 6 (declaration_list)]
    DOSYM        [reduce using rule 33 (statement_list)]
    DOSYM        [reduce using rule 45 (statement)]
    FORSYM       [reduce using rule 6 (declaration_list)]
    FORSYM       [reduce using rule 33 (statement_list)]
    FORSYM       [reduce using rule 45 (statement)]
    INTSYM       [reduce using rule 6 (declaration_list)]
    INTSYM       [reduce using rule 33 (statement_list)]
    INTSYM       [reduce using rule 45 (statement)]
    IFSYM        [reduce using rule 6 (declaration_list)]
    IFSYM        [reduce using rule 33 (statement_list)]
    IFSYM        [reduce using rule 45 (statement)]
    READSYM      [reduce using rule 6 (declaration_list)]
    READSYM      [reduce using rule 33 (statement_list)]
    READSYM      [reduce using rule 45 (statement)]
    REALSYM      [reduce using rule 6 (declaration_list)]
    REALSYM      [reduce using rule 33 (statement_list)]
    REALSYM      [reduce using rule 45 (statement)]
    STRINGSYM    [reduce using rule 6 (declaration_list)]
    STRINGSYM    [reduce using rule 33 (statement_list)]
    STRINGSYM    [reduce using rule 45 (statement)]
    WHILESYM     [reduce using rule 6 (declaration_list)]
    WHILESYM     [reduce using rule 33 (statement_list)]
    WHILESYM     [reduce using rule 45 (statement)]
    WRITESYM     [reduce using rule 6 (declaration_list)]
    WRITESYM     [reduce using rule 33 (statement_list)]
    WRITESYM     [reduce using rule 45 (statement)]
    LBRACE       [reduce using rule 6 (declaration_list)]
    LBRACE       [reduce using rule 33 (statement_list)]
    LBRACE       [reduce using rule 45 (statement)]
    RBRACE       reduce using rule 6 (declaration_list)
    RBRACE       [reduce using rule 33 (statement_list)]
    RBRACE       [reduce using rule 45 (statement)]
    INCPLUS      [reduce using rule 6 (declaration_list)]
    INCPLUS      [reduce using rule 33 (statement_list)]
    INCPLUS      [reduce using rule 45 (statement)]
    INCMINUS     [reduce using rule 6 (declaration_list)]
    INCMINUS     [reduce using rule 33 (statement_list)]
    INCMINUS     [reduce using rule 45 (statement)]
    LPAREN       [reduce using rule 6 (declaration_list)]
    LPAREN       [reduce using rule 33 (statement_list)]
    LPAREN       [reduce using rule 45 (statement)]
    SEMICOLON    [reduce using rule 6 (declaration_list)]
    SEMICOLON    [reduce using rule 33 (statement_list)]
    SEMICOLON    [reduce using rule 45 (statement)]
    NOT          [reduce using rule 6 (declaration_list)]
    NOT          [reduce using rule 33 (statement_list)]
    NOT          [reduce using rule 45 (statement)]
    YAJU         [reduce using rule 6 (declaration_list)]
    YAJU         [reduce using rule 33 (statement_list)]
    YAJU         [reduce using rule 45 (statement)]
    IDENT        [reduce using rule 6 (declaration_list)]
    IDENT        [reduce using rule 33 (statement_list)]
    IDENT        [reduce using rule 45 (statement)]
    INTEGER      [reduce using rule 6 (declaration_list)]
    INTEGER      [reduce using rule 33 (statement_list)]
    INTEGER      [reduce using rule 45 (statement)]
    STRING       [reduce using rule 6 (declaration_list)]
    STRING       [reduce using rule 33 (statement_list)]
    STRING       [reduce using rule 45 (statement)]
    CHAR         [reduce using rule 6 (declaration_list)]
    CHAR         [reduce using rule 33 (statement_list)]
    CHAR         [reduce using rule 45 (statement)]
    BOOL         [reduce using rule 6 (declaration_list)]
    BOOL         [reduce using rule 33 (statement_list)]
    BOOL         [reduce using rule 45 (statement)]
    REAL         [reduce using rule 6 (declaration_list)]
    REAL         [reduce using rule 33 (statement_list)]
    REAL         [reduce using rule 45 (statement)]
    $default     reduce using rule 6 (declaration_list)

    declaration_list      go to state 33
    declaration_stat      go to state 34
    typeenum              go to state 35
    statement_list        go to state 36
    statement             go to state 37
    continue_stat         go to state 38
    break_stat            go to state 39
    if_statement          go to state 40
    while_statement       go to state 41
    write_statement       go to state 42
    read_statement        go to state 43
    compound_statement    go to state 44
    for_statement         go to state 45
    do_statement          go to state 46
    var                   go to state 47
    expression_statement  go to state 48
    expression            go to state 49
    simple_expr           go to state 50
    SINGLEOPR             go to state 51
    additive_expr         go to state 52
    term                  go to state 53
    factor                go to state 54


State 6

   22 typeenum: BOOLSYM .

    $default  reduce using rule 22 (typeenum)


State 7

   47 break_stat: BREAKSYM . SEMICOLON

    SEMICOLON  shift, and go to state 55


State 8

   24 typeenum: CHARSYM .

    $default  reduce using rule 24 (typeenum)


State 9

   12 declaration_stat: CONSTSYM . typeenum $@4 identlist $@5 SEMICOLON
   15                 | CONSTSYM . typeenum $@6 identarraylist $@7 SEMICOLON

    BOOLSYM    shift, and go to state 6
    CHARSYM    shift, and go to state 8
    INTSYM     shift, and go to state 13
    REALSYM    shift, and go to state 16
    STRINGSYM  shift, and go to state 17

    typeenum  go to state 56


State 10

   46 continue_stat: CONTINUESYM . SEMICOLON

    SEMICOLON  shift, and go to state 57


State 11

   55 do_statement: DOSYM . compound_statement WHILESYM LPAREN expression RPAREN SEMICOLON

    LBRACE  shift, and go to state 20

    compound_statement  go to state 58


State 12

   54 for_statement: FORSYM . LPAREN expression SEMICOLON expression SEMICOLON expression RPAREN compound_statement

    LPAREN  shift, and go to state 59


State 13

   20 typeenum: INTSYM .

    $default  reduce using rule 20 (typeenum)


State 14

   48 if_statement: IFSYM . LPAREN expression RPAREN compound_statement
   49             | IFSYM . LPAREN expression RPAREN compound_statement ELSESYM compound_statement

    LPAREN  shift, and go to state 60


State 15

   52 read_statement: READSYM . LPAREN var RPAREN SEMICOLON

    LPAREN  shift, and go to state 61


State 16

   23 typeenum: REALSYM .

    $default  reduce using rule 23 (typeenum)


State 17

   21 typeenum: STRINGSYM .

    $default  reduce using rule 21 (typeenum)


State 18

   50 while_statement: WHILESYM . LPAREN expression RPAREN compound_statement

    LPAREN  shift, and go to state 62


State 19

   51 write_statement: WRITESYM . LPAREN expression RPAREN SEMICOLON

    LPAREN  shift, and go to state 63


State 20

   53 compound_statement: LBRACE . statement_list RBRACE

    BOOLSYM      shift, and go to state 6
    BREAKSYM     shift, and go to state 7
    CHARSYM      shift, and go to state 8
    CONSTSYM     shift, and go to state 9
    CONTINUESYM  shift, and go to state 10
    DOSYM        shift, and go to state 11
    FORSYM       shift, and go to state 12
    INTSYM       shift, and go to state 13
    IFSYM        shift, and go to state 14
    READSYM      shift, and go to state 15
    REALSYM      shift, and go to state 16
    STRINGSYM    shift, and go to state 17
    WHILESYM     shift, and go to state 18
    WRITESYM     shift, and go to state 19
    LBRACE       shift, and go to state 20
    INCPLUS      shift, and go to state 21
    INCMINUS     shift, and go to state 22
    LPAREN       shift, and go to state 23
    SEMICOLON    shift, and go to state 24
    NOT          shift, and go to state 25
    YAJU         shift, and go to state 26
    IDENT        shift, and go to state 27
    INTEGER      shift, and go to state 28
    STRING       shift, and go to state 29
    CHAR         shift, and go to state 30
    BOOL         shift, and go to state 31
    REAL         shift, and go to state 32

    BOOLSYM      [reduce using rule 6 (declaration_list)]
    BOOLSYM      [reduce using rule 33 (statement_list)]
    BOOLSYM      [reduce using rule 45 (statement)]
    BREAKSYM     [reduce using rule 6 (declaration_list)]
    BREAKSYM     [reduce using rule 33 (statement_list)]
    BREAKSYM     [reduce using rule 45 (statement)]
    CHARSYM      [reduce using rule 6 (declaration_list)]
    CHARSYM      [reduce using rule 33 (statement_list)]
    CHARSYM      [reduce using rule 45 (statement)]
    CONSTSYM     [reduce using rule 6 (declaration_list)]
    CONSTSYM     [reduce using rule 33 (statement_list)]
    CONSTSYM     [reduce using rule 45 (statement)]
    CONTINUESYM  [reduce using rule 6 (declaration_list)]
    CONTINUESYM  [reduce using rule 33 (statement_list)]
    CONTINUESYM  [reduce using rule 45 (statement)]
    DOSYM        [reduce using rule 6 (declaration_list)]
    DOSYM        [reduce using rule 33 (statement_list)]
    DOSYM        [reduce using rule 45 (statement)]
    FORSYM       [reduce using rule 6 (declaration_list)]
    FORSYM       [reduce using rule 33 (statement_list)]
    FORSYM       [reduce using rule 45 (statement)]
    INTSYM       [reduce using rule 6 (declaration_list)]
    INTSYM       [reduce using rule 33 (statement_list)]
    INTSYM       [reduce using rule 45 (statement)]
    IFSYM        [reduce using rule 6 (declaration_list)]
    IFSYM        [reduce using rule 33 (statement_list)]
    IFSYM        [reduce using rule 45 (statement)]
    READSYM      [reduce using rule 6 (declaration_list)]
    READSYM      [reduce using rule 33 (statement_list)]
    READSYM      [reduce using rule 45 (statement)]
    REALSYM      [reduce using rule 6 (declaration_list)]
    REALSYM      [reduce using rule 33 (statement_list)]
    REALSYM      [reduce using rule 45 (statement)]
    STRINGSYM    [reduce using rule 6 (declaration_list)]
    STRINGSYM    [reduce using rule 33 (statement_list)]
    STRINGSYM    [reduce using rule 45 (statement)]
    WHILESYM     [reduce using rule 6 (declaration_list)]
    WHILESYM     [reduce using rule 33 (statement_list)]
    WHILESYM     [reduce using rule 45 (statement)]
    WRITESYM     [reduce using rule 6 (declaration_list)]
    WRITESYM     [reduce using rule 33 (statement_list)]
    WRITESYM     [reduce using rule 45 (statement)]
    LBRACE       [reduce using rule 6 (declaration_list)]
    LBRACE       [reduce using rule 33 (statement_list)]
    LBRACE       [reduce using rule 45 (statement)]
    RBRACE       reduce using rule 6 (declaration_list)
    RBRACE       [reduce using rule 33 (statement_list)]
    RBRACE       [reduce using rule 45 (statement)]
    INCPLUS      [reduce using rule 6 (declaration_list)]
    INCPLUS      [reduce using rule 33 (statement_list)]
    INCPLUS      [reduce using rule 45 (statement)]
    INCMINUS     [reduce using rule 6 (declaration_list)]
    INCMINUS     [reduce using rule 33 (statement_list)]
    INCMINUS     [reduce using rule 45 (statement)]
    LPAREN       [reduce using rule 6 (declaration_list)]
    LPAREN       [reduce using rule 33 (statement_list)]
    LPAREN       [reduce using rule 45 (statement)]
    SEMICOLON    [reduce using rule 6 (declaration_list)]
    SEMICOLON    [reduce using rule 33 (statement_list)]
    SEMICOLON    [reduce using rule 45 (statement)]
    NOT          [reduce using rule 6 (declaration_list)]
    NOT          [reduce using rule 33 (statement_list)]
    NOT          [reduce using rule 45 (statement)]
    YAJU         [reduce using rule 6 (declaration_list)]
    YAJU         [reduce using rule 33 (statement_list)]
    YAJU         [reduce using rule 45 (statement)]
    IDENT        [reduce using rule 6 (declaration_list)]
    IDENT        [reduce using rule 33 (statement_list)]
    IDENT        [reduce using rule 45 (statement)]
    INTEGER      [reduce using rule 6 (declaration_list)]
    INTEGER      [reduce using rule 33 (statement_list)]
    INTEGER      [reduce using rule 45 (statement)]
    STRING       [reduce using rule 6 (declaration_list)]
    STRING       [reduce using rule 33 (statement_list)]
    STRING       [reduce using rule 45 (statement)]
    CHAR         [reduce using rule 6 (declaration_list)]
    CHAR         [reduce using rule 33 (statement_list)]
    CHAR         [reduce using rule 45 (statement)]
    BOOL         [reduce using rule 6 (declaration_list)]
    BOOL         [reduce using rule 33 (statement_list)]
    BOOL         [reduce using rule 45 (statement)]
    REAL         [reduce using rule 6 (declaration_list)]
    REAL         [reduce using rule 33 (statement_list)]
    REAL         [reduce using rule 45 (statement)]
    $default     reduce using rule 6 (declaration_list)

    declaration_list      go to state 33
    declaration_stat      go to state 34
    typeenum              go to state 35
    statement_list        go to state 64
    statement             go to state 37
    continue_stat         go to state 38
    break_stat            go to state 39
    if_statement          go to state 40
    while_statement       go to state 41
    write_statement       go to state 42
    read_statement        go to state 43
    compound_statement    go to state 44
    for_statement         go to state 45
    do_statement          go to state 46
    var                   go to state 47
    expression_statement  go to state 48
    expression            go to state 49
    simple_expr           go to state 50
    SINGLEOPR             go to state 51
    additive_expr         go to state 52
    term                  go to state 53
    factor                go to state 54


State 21

   69 SINGLEOPR: INCPLUS .

    $default  reduce using rule 69 (SINGLEOPR)


State 22

   70 SINGLEOPR: INCMINUS .

    $default  reduce using rule 70 (SINGLEOPR)


State 23

   90 factor: LPAREN . expression RPAREN

    INCPLUS   shift, and go to state 21
    INCMINUS  shift, and go to state 22
    LPAREN    shift, and go to state 23
    NOT       shift, and go to state 25
    YAJU      shift, and go to state 26
    IDENT     shift, and go to state 27
    INTEGER   shift, and go to state 28
    STRING    shift, and go to state 29
    CHAR      shift, and go to state 30
    BOOL      shift, and go to state 31
    REAL      shift, and go to state 32

    var            go to state 47
    expression     go to state 65
    simple_expr    go to state 50
    SINGLEOPR      go to state 51
    additive_expr  go to state 52
    term           go to state 53
    factor         go to state 54


State 24

   61 expression_statement: SEMICOLON .

    $default  reduce using rule 61 (expression_statement)


State 25

   71 SINGLEOPR: NOT .

    $default  reduce using rule 71 (SINGLEOPR)


State 26

   97 factor: YAJU .

    $default  reduce using rule 97 (factor)


State 27

   56 var: IDENT .
   57    | IDENT . LBRACKET expression_list RBRACKET

    LBRACKET  shift, and go to state 66

    $default  reduce using rule 56 (var)


State 28

   92 factor: INTEGER .

    $default  reduce using rule 92 (factor)


State 29

   94 factor: STRING .

    $default  reduce using rule 94 (factor)


State 30

   96 factor: CHAR .

    $default  reduce using rule 96 (factor)


State 31

   95 factor: BOOL .

    $default  reduce using rule 95 (factor)


State 32

   93 factor: REAL .

    $default  reduce using rule 93 (factor)


State 33

    4 declaration_list: declaration_list . declaration_stat
   42 statement: declaration_list .

    BOOLSYM    shift, and go to state 6
    CHARSYM    shift, and go to state 8
    CONSTSYM   shift, and go to state 9
    INTSYM     shift, and go to state 13
    REALSYM    shift, and go to state 16
    STRINGSYM  shift, and go to state 17

    BOOLSYM    [reduce using rule 42 (statement)]
    CHARSYM    [reduce using rule 42 (statement)]
    CONSTSYM   [reduce using rule 42 (statement)]
    INTSYM     [reduce using rule 42 (statement)]
    REALSYM    [reduce using rule 42 (statement)]
    STRINGSYM  [reduce using rule 42 (statement)]
    $default   reduce using rule 42 (statement)

    declaration_stat  go to state 67
    typeenum          go to state 35


State 34

    5 declaration_list: declaration_stat .

    $default  reduce using rule 5 (declaration_list)


State 35

    7 declaration_stat: typeenum . identlist SEMICOLON
    9                 | typeenum . identarraylist $@3 SEMICOLON

    IDENT  shift, and go to state 68

    identlist       go to state 69
    identdef        go to state 70
    identarraylist  go to state 71
    identarraydef   go to state 72


State 36

    3 program: MAINSYM $@1 LBRACE statement_list . $@2 RBRACE
   31 statement_list: statement_list . statement

    BOOLSYM      shift, and go to state 6
    BREAKSYM     shift, and go to state 7
    CHARSYM      shift, and go to state 8
    CONSTSYM     shift, and go to state 9
    CONTINUESYM  shift, and go to state 10
    DOSYM        shift, and go to state 11
    FORSYM       shift, and go to state 12
    INTSYM       shift, and go to state 13
    IFSYM        shift, and go to state 14
    READSYM      shift, and go to state 15
    REALSYM      shift, and go to state 16
    STRINGSYM    shift, and go to state 17
    WHILESYM     shift, and go to state 18
    WRITESYM     shift, and go to state 19
    LBRACE       shift, and go to state 20
    INCPLUS      shift, and go to state 21
    INCMINUS     shift, and go to state 22
    LPAREN       shift, and go to state 23
    SEMICOLON    shift, and go to state 24
    NOT          shift, and go to state 25
    YAJU         shift, and go to state 26
    IDENT        shift, and go to state 27
    INTEGER      shift, and go to state 28
    STRING       shift, and go to state 29
    CHAR         shift, and go to state 30
    BOOL         shift, and go to state 31
    REAL         shift, and go to state 32

    BOOLSYM      [reduce using rule 6 (declaration_list)]
    BOOLSYM      [reduce using rule 45 (statement)]
    BREAKSYM     [reduce using rule 6 (declaration_list)]
    BREAKSYM     [reduce using rule 45 (statement)]
    CHARSYM      [reduce using rule 6 (declaration_list)]
    CHARSYM      [reduce using rule 45 (statement)]
    CONSTSYM     [reduce using rule 6 (declaration_list)]
    CONSTSYM     [reduce using rule 45 (statement)]
    CONTINUESYM  [reduce using rule 6 (declaration_list)]
    CONTINUESYM  [reduce using rule 45 (statement)]
    DOSYM        [reduce using rule 6 (declaration_list)]
    DOSYM        [reduce using rule 45 (statement)]
    FORSYM       [reduce using rule 6 (declaration_list)]
    FORSYM       [reduce using rule 45 (statement)]
    INTSYM       [reduce using rule 6 (declaration_list)]
    INTSYM       [reduce using rule 45 (statement)]
    IFSYM        [reduce using rule 6 (declaration_list)]
    IFSYM        [reduce using rule 45 (statement)]
    READSYM      [reduce using rule 6 (declaration_list)]
    READSYM      [reduce using rule 45 (statement)]
    REALSYM      [reduce using rule 6 (declaration_list)]
    REALSYM      [reduce using rule 45 (statement)]
    STRINGSYM    [reduce using rule 6 (declaration_list)]
    STRINGSYM    [reduce using rule 45 (statement)]
    WHILESYM     [reduce using rule 6 (declaration_list)]
    WHILESYM     [reduce using rule 45 (statement)]
    WRITESYM     [reduce using rule 6 (declaration_list)]
    WRITESYM     [reduce using rule 45 (statement)]
    LBRACE       [reduce using rule 6 (declaration_list)]
    LBRACE       [reduce using rule 45 (statement)]
    RBRACE       reduce using rule 2 ($@2)
    RBRACE       [reduce using rule 6 (declaration_list)]
    RBRACE       [reduce using rule 45 (statement)]
    INCPLUS      [reduce using rule 6 (declaration_list)]
    INCPLUS      [reduce using rule 45 (statement)]
    INCMINUS     [reduce using rule 6 (declaration_list)]
    INCMINUS     [reduce using rule 45 (statement)]
    LPAREN       [reduce using rule 6 (declaration_list)]
    LPAREN       [reduce using rule 45 (statement)]
    SEMICOLON    [reduce using rule 6 (declaration_list)]
    SEMICOLON    [reduce using rule 45 (statement)]
    NOT          [reduce using rule 6 (declaration_list)]
    NOT          [reduce using rule 45 (statement)]
    YAJU         [reduce using rule 6 (declaration_list)]
    YAJU         [reduce using rule 45 (statement)]
    IDENT        [reduce using rule 6 (declaration_list)]
    IDENT        [reduce using rule 45 (statement)]
    INTEGER      [reduce using rule 6 (declaration_list)]
    INTEGER      [reduce using rule 45 (statement)]
    STRING       [reduce using rule 6 (declaration_list)]
    STRING       [reduce using rule 45 (statement)]
    CHAR         [reduce using rule 6 (declaration_list)]
    CHAR         [reduce using rule 45 (statement)]
    BOOL         [reduce using rule 6 (declaration_list)]
    BOOL         [reduce using rule 45 (statement)]
    REAL         [reduce using rule 6 (declaration_list)]
    REAL         [reduce using rule 45 (statement)]
    $default     reduce using rule 2 ($@2)

    $@2                   go to state 73
    declaration_list      go to state 33
    declaration_stat      go to state 34
    typeenum              go to state 35
    statement             go to state 74
    continue_stat         go to state 38
    break_stat            go to state 39
    if_statement          go to state 40
    while_statement       go to state 41
    write_statement       go to state 42
    read_statement        go to state 43
    compound_statement    go to state 44
    for_statement         go to state 45
    do_statement          go to state 46
    var                   go to state 47
    expression_statement  go to state 48
    expression            go to state 49
    simple_expr           go to state 50
    SINGLEOPR             go to state 51
    additive_expr         go to state 52
    term                  go to state 53
    factor                go to state 54


State 37

   32 statement_list: statement .

    $default  reduce using rule 32 (statement_list)


State 38

   43 statement: continue_stat .

    $default  reduce using rule 43 (statement)


State 39

   44 statement: break_stat .

    $default  reduce using rule 44 (statement)


State 40

   35 statement: if_statement .

    $default  reduce using rule 35 (statement)


State 41

   36 statement: while_statement .

    $default  reduce using rule 36 (statement)


State 42

   38 statement: write_statement .

    $default  reduce using rule 38 (statement)


State 43

   37 statement: read_statement .

    $default  reduce using rule 37 (statement)


State 44

   39 statement: compound_statement .

    $default  reduce using rule 39 (statement)


State 45

   40 statement: for_statement .

    $default  reduce using rule 40 (statement)


State 46

   41 statement: do_statement .

    $default  reduce using rule 41 (statement)


State 47

   63 expression: var . $@8 BECOMES expression
   91 factor: var .

    BECOMES   reduce using rule 62 ($@8)
    $default  reduce using rule 91 (factor)

    $@8  go to state 75


State 48

   34 statement: expression_statement .

    $default  reduce using rule 34 (statement)


State 49

   60 expression_statement: expression . SEMICOLON

    SEMICOLON  shift, and go to state 76


State 50

   64 expression: simple_expr .

    $default  reduce using rule 64 (expression)


State 51

   68 simple_expr: SINGLEOPR . additive_expr

    LPAREN   shift, and go to state 23
    YAJU     shift, and go to state 26
    IDENT    shift, and go to state 27
    INTEGER  shift, and go to state 28
    STRING   shift, and go to state 29
    CHAR     shift, and go to state 30
    BOOL     shift, and go to state 31
    REAL     shift, and go to state 32

    var            go to state 77
    additive_expr  go to state 78
    term           go to state 53
    factor         go to state 54


State 52

   65 simple_expr: additive_expr .
   66            | additive_expr . OPR additive_expr
   67            | additive_expr . SINGLEOPR
   82 additive_expr: additive_expr . PLUSMINUS term

    LSS       shift, and go to state 79
    LEQ       shift, and go to state 80
    GTR       shift, and go to state 81
    GEQ       shift, and go to state 82
    EQL       shift, and go to state 83
    NEQ       shift, and go to state 84
    PLUS      shift, and go to state 85
    INCPLUS   shift, and go to state 21
    MINUS     shift, and go to state 86
    INCMINUS  shift, and go to state 22
    XOR       shift, and go to state 87
    AND       shift, and go to state 88
    OR        shift, and go to state 89
    NOT       shift, and go to state 25

    $default  reduce using rule 65 (simple_expr)

    SINGLEOPR  go to state 90
    OPR        go to state 91
    PLUSMINUS  go to state 92


State 53

   81 additive_expr: term .
   86 term: term . TIMESDEVIDE factor

    TIMES   shift, and go to state 93
    DEVIDE  shift, and go to state 94
    MOD     shift, and go to state 95

    $default  reduce using rule 81 (additive_expr)

    TIMESDEVIDE  go to state 96


State 54

   85 term: factor .

    $default  reduce using rule 85 (term)


State 55

   47 break_stat: BREAKSYM SEMICOLON .

    $default  reduce using rule 47 (break_stat)


State 56

   12 declaration_stat: CONSTSYM typeenum . $@4 identlist $@5 SEMICOLON
   15                 | CONSTSYM typeenum . $@6 identarraylist $@7 SEMICOLON

    IDENT     reduce using rule 10 ($@4)
    IDENT     [reduce using rule 13 ($@6)]
    $default  reduce using rule 10 ($@4)

    $@4  go to state 97
    $@6  go to state 98


State 57

   46 continue_stat: CONTINUESYM SEMICOLON .

    $default  reduce using rule 46 (continue_stat)


State 58

   55 do_statement: DOSYM compound_statement . WHILESYM LPAREN expression RPAREN SEMICOLON

    WHILESYM  shift, and go to state 99


State 59

   54 for_statement: FORSYM LPAREN . expression SEMICOLON expression SEMICOLON expression RPAREN compound_statement

    INCPLUS   shift, and go to state 21
    INCMINUS  shift, and go to state 22
    LPAREN    shift, and go to state 23
    NOT       shift, and go to state 25
    YAJU      shift, and go to state 26
    IDENT     shift, and go to state 27
    INTEGER   shift, and go to state 28
    STRING    shift, and go to state 29
    CHAR      shift, and go to state 30
    BOOL      shift, and go to state 31
    REAL      shift, and go to state 32

    var            go to state 47
    expression     go to state 100
    simple_expr    go to state 50
    SINGLEOPR      go to state 51
    additive_expr  go to state 52
    term           go to state 53
    factor         go to state 54


State 60

   48 if_statement: IFSYM LPAREN . expression RPAREN compound_statement
   49             | IFSYM LPAREN . expression RPAREN compound_statement ELSESYM compound_statement

    INCPLUS   shift, and go to state 21
    INCMINUS  shift, and go to state 22
    LPAREN    shift, and go to state 23
    NOT       shift, and go to state 25
    YAJU      shift, and go to state 26
    IDENT     shift, and go to state 27
    INTEGER   shift, and go to state 28
    STRING    shift, and go to state 29
    CHAR      shift, and go to state 30
    BOOL      shift, and go to state 31
    REAL      shift, and go to state 32

    var            go to state 47
    expression     go to state 101
    simple_expr    go to state 50
    SINGLEOPR      go to state 51
    additive_expr  go to state 52
    term           go to state 53
    factor         go to state 54


State 61

   52 read_statement: READSYM LPAREN . var RPAREN SEMICOLON

    IDENT  shift, and go to state 27

    var  go to state 102


State 62

   50 while_statement: WHILESYM LPAREN . expression RPAREN compound_statement

    INCPLUS   shift, and go to state 21
    INCMINUS  shift, and go to state 22
    LPAREN    shift, and go to state 23
    NOT       shift, and go to state 25
    YAJU      shift, and go to state 26
    IDENT     shift, and go to state 27
    INTEGER   shift, and go to state 28
    STRING    shift, and go to state 29
    CHAR      shift, and go to state 30
    BOOL      shift, and go to state 31
    REAL      shift, and go to state 32

    var            go to state 47
    expression     go to state 103
    simple_expr    go to state 50
    SINGLEOPR      go to state 51
    additive_expr  go to state 52
    term           go to state 53
    factor         go to state 54


State 63

   51 write_statement: WRITESYM LPAREN . expression RPAREN SEMICOLON

    INCPLUS   shift, and go to state 21
    INCMINUS  shift, and go to state 22
    LPAREN    shift, and go to state 23
    NOT       shift, and go to state 25
    YAJU      shift, and go to state 26
    IDENT     shift, and go to state 27
    INTEGER   shift, and go to state 28
    STRING    shift, and go to state 29
    CHAR      shift, and go to state 30
    BOOL      shift, and go to state 31
    REAL      shift, and go to state 32

    var            go to state 47
    expression     go to state 104
    simple_expr    go to state 50
    SINGLEOPR      go to state 51
    additive_expr  go to state 52
    term           go to state 53
    factor         go to state 54


State 64

   31 statement_list: statement_list . statement
   53 compound_statement: LBRACE statement_list . RBRACE

    BOOLSYM      shift, and go to state 6
    BREAKSYM     shift, and go to state 7
    CHARSYM      shift, and go to state 8
    CONSTSYM     shift, and go to state 9
    CONTINUESYM  shift, and go to state 10
    DOSYM        shift, and go to state 11
    FORSYM       shift, and go to state 12
    INTSYM       shift, and go to state 13
    IFSYM        shift, and go to state 14
    READSYM      shift, and go to state 15
    REALSYM      shift, and go to state 16
    STRINGSYM    shift, and go to state 17
    WHILESYM     shift, and go to state 18
    WRITESYM     shift, and go to state 19
    LBRACE       shift, and go to state 20
    RBRACE       shift, and go to state 105
    INCPLUS      shift, and go to state 21
    INCMINUS     shift, and go to state 22
    LPAREN       shift, and go to state 23
    SEMICOLON    shift, and go to state 24
    NOT          shift, and go to state 25
    YAJU         shift, and go to state 26
    IDENT        shift, and go to state 27
    INTEGER      shift, and go to state 28
    STRING       shift, and go to state 29
    CHAR         shift, and go to state 30
    BOOL         shift, and go to state 31
    REAL         shift, and go to state 32

    BOOLSYM      [reduce using rule 6 (declaration_list)]
    BOOLSYM      [reduce using rule 45 (statement)]
    BREAKSYM     [reduce using rule 6 (declaration_list)]
    BREAKSYM     [reduce using rule 45 (statement)]
    CHARSYM      [reduce using rule 6 (declaration_list)]
    CHARSYM      [reduce using rule 45 (statement)]
    CONSTSYM     [reduce using rule 6 (declaration_list)]
    CONSTSYM     [reduce using rule 45 (statement)]
    CONTINUESYM  [reduce using rule 6 (declaration_list)]
    CONTINUESYM  [reduce using rule 45 (statement)]
    DOSYM        [reduce using rule 6 (declaration_list)]
    DOSYM        [reduce using rule 45 (statement)]
    FORSYM       [reduce using rule 6 (declaration_list)]
    FORSYM       [reduce using rule 45 (statement)]
    INTSYM       [reduce using rule 6 (declaration_list)]
    INTSYM       [reduce using rule 45 (statement)]
    IFSYM        [reduce using rule 6 (declaration_list)]
    IFSYM        [reduce using rule 45 (statement)]
    READSYM      [reduce using rule 6 (declaration_list)]
    READSYM      [reduce using rule 45 (statement)]
    REALSYM      [reduce using rule 6 (declaration_list)]
    REALSYM      [reduce using rule 45 (statement)]
    STRINGSYM    [reduce using rule 6 (declaration_list)]
    STRINGSYM    [reduce using rule 45 (statement)]
    WHILESYM     [reduce using rule 6 (declaration_list)]
    WHILESYM     [reduce using rule 45 (statement)]
    WRITESYM     [reduce using rule 6 (declaration_list)]
    WRITESYM     [reduce using rule 45 (statement)]
    LBRACE       [reduce using rule 6 (declaration_list)]
    LBRACE       [reduce using rule 45 (statement)]
    RBRACE       [reduce using rule 6 (declaration_list)]
    RBRACE       [reduce using rule 45 (statement)]
    INCPLUS      [reduce using rule 6 (declaration_list)]
    INCPLUS      [reduce using rule 45 (statement)]
    INCMINUS     [reduce using rule 6 (declaration_list)]
    INCMINUS     [reduce using rule 45 (statement)]
    LPAREN       [reduce using rule 6 (declaration_list)]
    LPAREN       [reduce using rule 45 (statement)]
    SEMICOLON    [reduce using rule 6 (declaration_list)]
    SEMICOLON    [reduce using rule 45 (statement)]
    NOT          [reduce using rule 6 (declaration_list)]
    NOT          [reduce using rule 45 (statement)]
    YAJU         [reduce using rule 6 (declaration_list)]
    YAJU         [reduce using rule 45 (statement)]
    IDENT        [reduce using rule 6 (declaration_list)]
    IDENT        [reduce using rule 45 (statement)]
    INTEGER      [reduce using rule 6 (declaration_list)]
    INTEGER      [reduce using rule 45 (statement)]
    STRING       [reduce using rule 6 (declaration_list)]
    STRING       [reduce using rule 45 (statement)]
    CHAR         [reduce using rule 6 (declaration_list)]
    CHAR         [reduce using rule 45 (statement)]
    BOOL         [reduce using rule 6 (declaration_list)]
    BOOL         [reduce using rule 45 (statement)]
    REAL         [reduce using rule 6 (declaration_list)]
    REAL         [reduce using rule 45 (statement)]

    declaration_list      go to state 33
    declaration_stat      go to state 34
    typeenum              go to state 35
    statement             go to state 74
    continue_stat         go to state 38
    break_stat            go to state 39
    if_statement          go to state 40
    while_statement       go to state 41
    write_statement       go to state 42
    read_statement        go to state 43
    compound_statement    go to state 44
    for_statement         go to state 45
    do_statement          go to state 46
    var                   go to state 47
    expression_statement  go to state 48
    expression            go to state 49
    simple_expr           go to state 50
    SINGLEOPR             go to state 51
    additive_expr         go to state 52
    term                  go to state 53
    factor                go to state 54


State 65

   90 factor: LPAREN expression . RPAREN

    RPAREN  shift, and go to state 106


State 66

   57 var: IDENT LBRACKET . expression_list RBRACKET

    INCPLUS   shift, and go to state 21
    INCMINUS  shift, and go to state 22
    LPAREN    shift, and go to state 23
    NOT       shift, and go to state 25
    YAJU      shift, and go to state 26
    IDENT     shift, and go to state 27
    INTEGER   shift, and go to state 28
    STRING    shift, and go to state 29
    CHAR      shift, and go to state 30
    BOOL      shift, and go to state 31
    REAL      shift, and go to state 32

    var              go to state 47
    expression_list  go to state 107
    expression       go to state 108
    simple_expr      go to state 50
    SINGLEOPR        go to state 51
    additive_expr    go to state 52
    term             go to state 53
    factor           go to state 54


State 67

    4 declaration_list: declaration_list declaration_stat .

    $default  reduce using rule 4 (declaration_list)


State 68

   18 identdef: IDENT .
   19         | IDENT . BECOMES factor
   27 identarraydef: IDENT . LBRACKET dimensionlist RBRACKET

    LBRACKET  shift, and go to state 109
    BECOMES   shift, and go to state 110

    $default  reduce using rule 18 (identdef)


State 69

    7 declaration_stat: typeenum identlist . SEMICOLON
   17 identlist: identlist . COMMA identdef

    COMMA      shift, and go to state 111
    SEMICOLON  shift, and go to state 112


State 70

   16 identlist: identdef .

    $default  reduce using rule 16 (identlist)


State 71

    9 declaration_stat: typeenum identarraylist . $@3 SEMICOLON
   26 identarraylist: identarraylist . COMMA identarraydef

    COMMA  shift, and go to state 113

    $default  reduce using rule 8 ($@3)

    $@3  go to state 114


State 72

   25 identarraylist: identarraydef .

    $default  reduce using rule 25 (identarraylist)


State 73

    3 program: MAINSYM $@1 LBRACE statement_list $@2 . RBRACE

    RBRACE  shift, and go to state 115


State 74

   31 statement_list: statement_list statement .

    $default  reduce using rule 31 (statement_list)


State 75

   63 expression: var $@8 . BECOMES expression

    BECOMES  shift, and go to state 116


State 76

   60 expression_statement: expression SEMICOLON .

    $default  reduce using rule 60 (expression_statement)


State 77

   91 factor: var .

    $default  reduce using rule 91 (factor)


State 78

   68 simple_expr: SINGLEOPR additive_expr .
   82 additive_expr: additive_expr . PLUSMINUS term

    PLUS   shift, and go to state 85
    MINUS  shift, and go to state 86

    $default  reduce using rule 68 (simple_expr)

    PLUSMINUS  go to state 92


State 79

   74 OPR: LSS .

    $default  reduce using rule 74 (OPR)


State 80

   75 OPR: LEQ .

    $default  reduce using rule 75 (OPR)


State 81

   76 OPR: GTR .

    $default  reduce using rule 76 (OPR)


State 82

   77 OPR: GEQ .

    $default  reduce using rule 77 (OPR)


State 83

   72 OPR: EQL .

    $default  reduce using rule 72 (OPR)


State 84

   73 OPR: NEQ .

    $default  reduce using rule 73 (OPR)


State 85

   83 PLUSMINUS: PLUS .

    $default  reduce using rule 83 (PLUSMINUS)


State 86

   84 PLUSMINUS: MINUS .

    $default  reduce using rule 84 (PLUSMINUS)


State 87

   80 OPR: XOR .

    $default  reduce using rule 80 (OPR)


State 88

   78 OPR: AND .

    $default  reduce using rule 78 (OPR)


State 89

   79 OPR: OR .

    $default  reduce using rule 79 (OPR)


State 90

   67 simple_expr: additive_expr SINGLEOPR .

    $default  reduce using rule 67 (simple_expr)


State 91

   66 simple_expr: additive_expr OPR . additive_expr

    LPAREN   shift, and go to state 23
    YAJU     shift, and go to state 26
    IDENT    shift, and go to state 27
    INTEGER  shift, and go to state 28
    STRING   shift, and go to state 29
    CHAR     shift, and go to state 30
    BOOL     shift, and go to state 31
    REAL     shift, and go to state 32

    var            go to state 77
    additive_expr  go to state 117
    term           go to state 53
    factor         go to state 54


State 92

   82 additive_expr: additive_expr PLUSMINUS . term

    LPAREN   shift, and go to state 23
    YAJU     shift, and go to state 26
    IDENT    shift, and go to state 27
    INTEGER  shift, and go to state 28
    STRING   shift, and go to state 29
    CHAR     shift, and go to state 30
    BOOL     shift, and go to state 31
    REAL     shift, and go to state 32

    var     go to state 77
    term    go to state 118
    factor  go to state 54


State 93

   87 TIMESDEVIDE: TIMES .

    $default  reduce using rule 87 (TIMESDEVIDE)


State 94

   88 TIMESDEVIDE: DEVIDE .

    $default  reduce using rule 88 (TIMESDEVIDE)


State 95

   89 TIMESDEVIDE: MOD .

    $default  reduce using rule 89 (TIMESDEVIDE)


State 96

   86 term: term TIMESDEVIDE . factor

    LPAREN   shift, and go to state 23
    YAJU     shift, and go to state 26
    IDENT    shift, and go to state 27
    INTEGER  shift, and go to state 28
    STRING   shift, and go to state 29
    CHAR     shift, and go to state 30
    BOOL     shift, and go to state 31
    REAL     shift, and go to state 32

    var     go to state 77
    factor  go to state 119


State 97

   12 declaration_stat: CONSTSYM typeenum $@4 . identlist $@5 SEMICOLON

    IDENT  shift, and go to state 120

    identlist  go to state 121
    identdef   go to state 70


State 98

   15 declaration_stat: CONSTSYM typeenum $@6 . identarraylist $@7 SEMICOLON

    IDENT  shift, and go to state 122

    identarraylist  go to state 123
    identarraydef   go to state 72


State 99

   55 do_statement: DOSYM compound_statement WHILESYM . LPAREN expression RPAREN SEMICOLON

    LPAREN  shift, and go to state 124


State 100

   54 for_statement: FORSYM LPAREN expression . SEMICOLON expression SEMICOLON expression RPAREN compound_statement

    SEMICOLON  shift, and go to state 125


State 101

   48 if_statement: IFSYM LPAREN expression . RPAREN compound_statement
   49             | IFSYM LPAREN expression . RPAREN compound_statement ELSESYM compound_statement

    RPAREN  shift, and go to state 126


State 102

   52 read_statement: READSYM LPAREN var . RPAREN SEMICOLON

    RPAREN  shift, and go to state 127


State 103

   50 while_statement: WHILESYM LPAREN expression . RPAREN compound_statement

    RPAREN  shift, and go to state 128


State 104

   51 write_statement: WRITESYM LPAREN expression . RPAREN SEMICOLON

    RPAREN  shift, and go to state 129


State 105

   53 compound_statement: LBRACE statement_list RBRACE .

    $default  reduce using rule 53 (compound_statement)


State 106

   90 factor: LPAREN expression RPAREN .

    $default  reduce using rule 90 (factor)


State 107

   57 var: IDENT LBRACKET expression_list . RBRACKET
   59 expression_list: expression_list . COMMA expression

    RBRACKET  shift, and go to state 130
    COMMA     shift, and go to state 131


State 108

   58 expression_list: expression .

    $default  reduce using rule 58 (expression_list)


State 109

   27 identarraydef: IDENT LBRACKET . dimensionlist RBRACKET

    INTEGER  shift, and go to state 132

    dimensionlist  go to state 133
    dimension      go to state 134


State 110

   19 identdef: IDENT BECOMES . factor

    LPAREN   shift, and go to state 23
    YAJU     shift, and go to state 26
    IDENT    shift, and go to state 27
    INTEGER  shift, and go to state 28
    STRING   shift, and go to state 29
    CHAR     shift, and go to state 30
    BOOL     shift, and go to state 31
    REAL     shift, and go to state 32

    var     go to state 77
    factor  go to state 135


State 111

   17 identlist: identlist COMMA . identdef

    IDENT  shift, and go to state 120

    identdef  go to state 136


State 112

    7 declaration_stat: typeenum identlist SEMICOLON .

    $default  reduce using rule 7 (declaration_stat)


State 113

   26 identarraylist: identarraylist COMMA . identarraydef

    IDENT  shift, and go to state 122

    identarraydef  go to state 137


State 114

    9 declaration_stat: typeenum identarraylist $@3 . SEMICOLON

    SEMICOLON  shift, and go to state 138


State 115

    3 program: MAINSYM $@1 LBRACE statement_list $@2 RBRACE .

    $default  reduce using rule 3 (program)


State 116

   63 expression: var $@8 BECOMES . expression

    INCPLUS   shift, and go to state 21
    INCMINUS  shift, and go to state 22
    LPAREN    shift, and go to state 23
    NOT       shift, and go to state 25
    YAJU      shift, and go to state 26
    IDENT     shift, and go to state 27
    INTEGER   shift, and go to state 28
    STRING    shift, and go to state 29
    CHAR      shift, and go to state 30
    BOOL      shift, and go to state 31
    REAL      shift, and go to state 32

    var            go to state 47
    expression     go to state 139
    simple_expr    go to state 50
    SINGLEOPR      go to state 51
    additive_expr  go to state 52
    term           go to state 53
    factor         go to state 54


State 117

   66 simple_expr: additive_expr OPR additive_expr .
   82 additive_expr: additive_expr . PLUSMINUS term

    PLUS   shift, and go to state 85
    MINUS  shift, and go to state 86

    $default  reduce using rule 66 (simple_expr)

    PLUSMINUS  go to state 92


State 118

   82 additive_expr: additive_expr PLUSMINUS term .
   86 term: term . TIMESDEVIDE factor

    TIMES   shift, and go to state 93
    DEVIDE  shift, and go to state 94
    MOD     shift, and go to state 95

    $default  reduce using rule 82 (additive_expr)

    TIMESDEVIDE  go to state 96


State 119

   86 term: term TIMESDEVIDE factor .

    $default  reduce using rule 86 (term)


State 120

   18 identdef: IDENT .
   19         | IDENT . BECOMES factor

    BECOMES  shift, and go to state 110

    $default  reduce using rule 18 (identdef)


State 121

   12 declaration_stat: CONSTSYM typeenum $@4 identlist . $@5 SEMICOLON
   17 identlist: identlist . COMMA identdef

    COMMA  shift, and go to state 111

    $default  reduce using rule 11 ($@5)

    $@5  go to state 140


State 122

   27 identarraydef: IDENT . LBRACKET dimensionlist RBRACKET

    LBRACKET  shift, and go to state 109


State 123

   15 declaration_stat: CONSTSYM typeenum $@6 identarraylist . $@7 SEMICOLON
   26 identarraylist: identarraylist . COMMA identarraydef

    COMMA  shift, and go to state 113

    $default  reduce using rule 14 ($@7)

    $@7  go to state 141


State 124

   55 do_statement: DOSYM compound_statement WHILESYM LPAREN . expression RPAREN SEMICOLON

    INCPLUS   shift, and go to state 21
    INCMINUS  shift, and go to state 22
    LPAREN    shift, and go to state 23
    NOT       shift, and go to state 25
    YAJU      shift, and go to state 26
    IDENT     shift, and go to state 27
    INTEGER   shift, and go to state 28
    STRING    shift, and go to state 29
    CHAR      shift, and go to state 30
    BOOL      shift, and go to state 31
    REAL      shift, and go to state 32

    var            go to state 47
    expression     go to state 142
    simple_expr    go to state 50
    SINGLEOPR      go to state 51
    additive_expr  go to state 52
    term           go to state 53
    factor         go to state 54


State 125

   54 for_statement: FORSYM LPAREN expression SEMICOLON . expression SEMICOLON expression RPAREN compound_statement

    INCPLUS   shift, and go to state 21
    INCMINUS  shift, and go to state 22
    LPAREN    shift, and go to state 23
    NOT       shift, and go to state 25
    YAJU      shift, and go to state 26
    IDENT     shift, and go to state 27
    INTEGER   shift, and go to state 28
    STRING    shift, and go to state 29
    CHAR      shift, and go to state 30
    BOOL      shift, and go to state 31
    REAL      shift, and go to state 32

    var            go to state 47
    expression     go to state 143
    simple_expr    go to state 50
    SINGLEOPR      go to state 51
    additive_expr  go to state 52
    term           go to state 53
    factor         go to state 54


State 126

   48 if_statement: IFSYM LPAREN expression RPAREN . compound_statement
   49             | IFSYM LPAREN expression RPAREN . compound_statement ELSESYM compound_statement

    LBRACE  shift, and go to state 20

    compound_statement  go to state 144


State 127

   52 read_statement: READSYM LPAREN var RPAREN . SEMICOLON

    SEMICOLON  shift, and go to state 145


State 128

   50 while_statement: WHILESYM LPAREN expression RPAREN . compound_statement

    LBRACE  shift, and go to state 20

    compound_statement  go to state 146


State 129

   51 write_statement: WRITESYM LPAREN expression RPAREN . SEMICOLON

    SEMICOLON  shift, and go to state 147


State 130

   57 var: IDENT LBRACKET expression_list RBRACKET .

    $default  reduce using rule 57 (var)


State 131

   59 expression_list: expression_list COMMA . expression

    INCPLUS   shift, and go to state 21
    INCMINUS  shift, and go to state 22
    LPAREN    shift, and go to state 23
    NOT       shift, and go to state 25
    YAJU      shift, and go to state 26
    IDENT     shift, and go to state 27
    INTEGER   shift, and go to state 28
    STRING    shift, and go to state 29
    CHAR      shift, and go to state 30
    BOOL      shift, and go to state 31
    REAL      shift, and go to state 32

    var            go to state 47
    expression     go to state 148
    simple_expr    go to state 50
    SINGLEOPR      go to state 51
    additive_expr  go to state 52
    term           go to state 53
    factor         go to state 54


State 132

   30 dimension: INTEGER .

    $default  reduce using rule 30 (dimension)


State 133

   27 identarraydef: IDENT LBRACKET dimensionlist . RBRACKET
   29 dimensionlist: dimensionlist . COMMA dimension

    RBRACKET  shift, and go to state 149
    COMMA     shift, and go to state 150


State 134

   28 dimensionlist: dimension .

    $default  reduce using rule 28 (dimensionlist)


State 135

   19 identdef: IDENT BECOMES factor .

    $default  reduce using rule 19 (identdef)


State 136

   17 identlist: identlist COMMA identdef .

    $default  reduce using rule 17 (identlist)


State 137

   26 identarraylist: identarraylist COMMA identarraydef .

    $default  reduce using rule 26 (identarraylist)


State 138

    9 declaration_stat: typeenum identarraylist $@3 SEMICOLON .

    $default  reduce using rule 9 (declaration_stat)


State 139

   63 expression: var $@8 BECOMES expression .

    $default  reduce using rule 63 (expression)


State 140

   12 declaration_stat: CONSTSYM typeenum $@4 identlist $@5 . SEMICOLON

    SEMICOLON  shift, and go to state 151


State 141

   15 declaration_stat: CONSTSYM typeenum $@6 identarraylist $@7 . SEMICOLON

    SEMICOLON  shift, and go to state 152


State 142

   55 do_statement: DOSYM compound_statement WHILESYM LPAREN expression . RPAREN SEMICOLON

    RPAREN  shift, and go to state 153


State 143

   54 for_statement: FORSYM LPAREN expression SEMICOLON expression . SEMICOLON expression RPAREN compound_statement

    SEMICOLON  shift, and go to state 154


State 144

   48 if_statement: IFSYM LPAREN expression RPAREN compound_statement .
   49             | IFSYM LPAREN expression RPAREN compound_statement . ELSESYM compound_statement

    ELSESYM  shift, and go to state 155

    $default  reduce using rule 48 (if_statement)


State 145

   52 read_statement: READSYM LPAREN var RPAREN SEMICOLON .

    $default  reduce using rule 52 (read_statement)


State 146

   50 while_statement: WHILESYM LPAREN expression RPAREN compound_statement .

    $default  reduce using rule 50 (while_statement)


State 147

   51 write_statement: WRITESYM LPAREN expression RPAREN SEMICOLON .

    $default  reduce using rule 51 (write_statement)


State 148

   59 expression_list: expression_list COMMA expression .

    $default  reduce using rule 59 (expression_list)


State 149

   27 identarraydef: IDENT LBRACKET dimensionlist RBRACKET .

    $default  reduce using rule 27 (identarraydef)


State 150

   29 dimensionlist: dimensionlist COMMA . dimension

    INTEGER  shift, and go to state 132

    dimension  go to state 156


State 151

   12 declaration_stat: CONSTSYM typeenum $@4 identlist $@5 SEMICOLON .

    $default  reduce using rule 12 (declaration_stat)


State 152

   15 declaration_stat: CONSTSYM typeenum $@6 identarraylist $@7 SEMICOLON .

    $default  reduce using rule 15 (declaration_stat)


State 153

   55 do_statement: DOSYM compound_statement WHILESYM LPAREN expression RPAREN . SEMICOLON

    SEMICOLON  shift, and go to state 157


State 154

   54 for_statement: FORSYM LPAREN expression SEMICOLON expression SEMICOLON . expression RPAREN compound_statement

    INCPLUS   shift, and go to state 21
    INCMINUS  shift, and go to state 22
    LPAREN    shift, and go to state 23
    NOT       shift, and go to state 25
    YAJU      shift, and go to state 26
    IDENT     shift, and go to state 27
    INTEGER   shift, and go to state 28
    STRING    shift, and go to state 29
    CHAR      shift, and go to state 30
    BOOL      shift, and go to state 31
    REAL      shift, and go to state 32

    var            go to state 47
    expression     go to state 158
    simple_expr    go to state 50
    SINGLEOPR      go to state 51
    additive_expr  go to state 52
    term           go to state 53
    factor         go to state 54


State 155

   49 if_statement: IFSYM LPAREN expression RPAREN compound_statement ELSESYM . compound_statement

    LBRACE  shift, and go to state 20

    compound_statement  go to state 159


State 156

   29 dimensionlist: dimensionlist COMMA dimension .

    $default  reduce using rule 29 (dimensionlist)


State 157

   55 do_statement: DOSYM compound_statement WHILESYM LPAREN expression RPAREN SEMICOLON .

    $default  reduce using rule 55 (do_statement)


State 158

   54 for_statement: FORSYM LPAREN expression SEMICOLON expression SEMICOLON expression . RPAREN compound_statement

    RPAREN  shift, and go to state 160


State 159

   49 if_statement: IFSYM LPAREN expression RPAREN compound_statement ELSESYM compound_statement .

    $default  reduce using rule 49 (if_statement)


State 160

   54 for_statement: FORSYM LPAREN expression SEMICOLON expression SEMICOLON expression RPAREN . compound_statement

    LBRACE  shift, and go to state 20

    compound_statement  go to state 161


State 161

   54 for_statement: FORSYM LPAREN expression SEMICOLON expression SEMICOLON expression RPAREN compound_statement .

    $default  reduce using rule 54 (for_statement)
