\BOOKMARK [1][-]{section.1}{Introduction}{}% 1
\BOOKMARK [2][-]{subsection.1.1}{Purpose}{section.1}% 2
\BOOKMARK [2][-]{subsection.1.2}{Background}{section.1}% 3
\BOOKMARK [2][-]{subsection.1.3}{Remarks}{section.1}% 4
\BOOKMARK [1][-]{section.2}{Design Summarize}{}% 5
\BOOKMARK [2][-]{subsection.2.1}{Main purpose of the project}{section.2}% 6
\BOOKMARK [2][-]{subsection.2.2}{Primary demand}{section.2}% 7
\BOOKMARK [2][-]{subsection.2.3}{Restrictions of Design}{section.2}% 8
\BOOKMARK [2][-]{subsection.2.4}{Principles and Rules of Design}{section.2}% 9
\BOOKMARK [1][-]{section.3}{Main Design}{}% 10
\BOOKMARK [2][-]{subsection.3.1}{Demand}{section.3}% 11
\BOOKMARK [2][-]{subsection.3.2}{Environment}{section.3}% 12
\BOOKMARK [2][-]{subsection.3.3}{Modules}{section.3}% 13
\BOOKMARK [2][-]{subsection.3.4}{Hardware}{section.3}% 14
\BOOKMARK [1][-]{section.4}{Details of modules developing}{}% 15
\BOOKMARK [2][-]{subsection.4.1}{ISA}{section.4}% 16
\BOOKMARK [2][-]{subsection.4.2}{Variable store and load}{section.4}% 17
\BOOKMARK [2][-]{subsection.4.3}{Constant store and load}{section.4}% 18
\BOOKMARK [2][-]{subsection.4.4}{Multi-type supporting}{section.4}% 19
\BOOKMARK [2][-]{subsection.4.5}{read and write}{section.4}% 20
\BOOKMARK [2][-]{subsection.4.6}{Arithmetic operation}{section.4}% 21
\BOOKMARK [2][-]{subsection.4.7}{Logic operation}{section.4}% 22
\BOOKMARK [2][-]{subsection.4.8}{Expression}{section.4}% 23
\BOOKMARK [2][-]{subsection.4.9}{Unary operator}{section.4}% 24
\BOOKMARK [2][-]{subsection.4.10}{Basic condition statement}{section.4}% 25
\BOOKMARK [2][-]{subsection.4.11}{Basic loop statement}{section.4}% 26
\BOOKMARK [2][-]{subsection.4.12}{Advanced condition statement}{section.4}% 27
\BOOKMARK [2][-]{subsection.4.13}{Advanced loop statement}{section.4}% 28
\BOOKMARK [2][-]{subsection.4.14}{N-dimension array}{section.4}% 29
\BOOKMARK [2][-]{subsection.4.15}{Break/Continue}{section.4}% 30
\BOOKMARK [2][-]{subsection.4.16}{Error Processing}{section.4}% 31
